[2020-11-09 11:26:14] app.INFO: Protect vendor folder in module contactform [] []
[2020-11-09 11:26:14] app.INFO: Module contactform has no vendor folder [] []
[2020-11-09 11:26:14] app.INFO: Protect vendor folder in module dashactivity [] []
[2020-11-09 11:26:14] app.INFO: Module dashactivity has no vendor folder [] []
[2020-11-09 11:26:14] app.INFO: Protect vendor folder in module dashtrends [] []
[2020-11-09 11:26:14] app.INFO: Module dashtrends has no vendor folder [] []
[2020-11-09 11:26:15] app.INFO: Protect vendor folder in module dashgoals [] []
[2020-11-09 11:26:15] app.INFO: Module dashgoals has no vendor folder [] []
[2020-11-09 11:26:15] app.INFO: Protect vendor folder in module dashproducts [] []
[2020-11-09 11:26:15] app.INFO: Module dashproducts has no vendor folder [] []
[2020-11-09 11:26:15] app.INFO: Protect vendor folder in module graphnvd3 [] []
[2020-11-09 11:26:15] app.INFO: Module graphnvd3 has no vendor folder [] []
[2020-11-09 11:26:15] app.INFO: Protect vendor folder in module gridhtml [] []
[2020-11-09 11:26:15] app.INFO: Module gridhtml has no vendor folder [] []
[2020-11-09 11:26:16] app.INFO: Protect vendor folder in module gsitemap [] []
[2020-11-09 11:26:16] app.INFO: Module gsitemap has no vendor folder [] []
[2020-11-09 11:26:16] app.INFO: Protect vendor folder in module ps_banner [] []
[2020-11-09 11:26:16] app.INFO: Module ps_banner has no vendor folder [] []
[2020-11-09 11:26:16] app.INFO: Protect vendor folder in module ps_categorytree [] []
[2020-11-09 11:26:16] app.INFO: Module ps_categorytree has no vendor folder [] []
[2020-11-09 11:26:16] app.INFO: Protect vendor folder in module ps_checkpayment [] []
[2020-11-09 11:26:16] app.INFO: Module ps_checkpayment has no vendor folder [] []
[2020-11-09 11:26:16] app.INFO: Protect vendor folder in module ps_contactinfo [] []
[2020-11-09 11:26:16] app.INFO: Module ps_contactinfo has no vendor folder [] []
[2020-11-09 11:26:17] app.INFO: Protect vendor folder in module ps_currencyselector [] []
[2020-11-09 11:26:17] app.INFO: Module ps_currencyselector has no vendor folder [] []
[2020-11-09 11:26:17] app.INFO: Protect vendor folder in module ps_customeraccountlinks [] []
[2020-11-09 11:26:17] app.INFO: Module ps_customeraccountlinks has no vendor folder [] []
[2020-11-09 11:26:17] app.INFO: Protect vendor folder in module ps_customersignin [] []
[2020-11-09 11:26:17] app.INFO: Module ps_customersignin has no vendor folder [] []
[2020-11-09 11:26:17] app.INFO: Protect vendor folder in module ps_customtext [] []
[2020-11-09 11:26:17] app.INFO: Module ps_customtext has no vendor folder [] []
[2020-11-09 11:26:18] app.INFO: Protect vendor folder in module ps_emailsubscription [] []
[2020-11-09 11:26:18] app.INFO: Module ps_emailsubscription has no vendor folder [] []
[2020-11-09 11:26:19] app.INFO: Protect vendor folder in module ps_facetedsearch [] []
[2020-11-09 11:26:19] app.INFO: Module ps_facetedsearch has no vendor folder [] []
[2020-11-09 11:26:19] app.INFO: Protect vendor folder in module ps_faviconnotificationbo [] []
[2020-11-09 11:26:19] app.INFO: Module ps_faviconnotificationbo has no vendor folder [] []
[2020-11-09 11:26:19] app.INFO: Protect vendor folder in module ps_featuredproducts [] []
[2020-11-09 11:26:19] app.INFO: Module ps_featuredproducts has no vendor folder [] []
[2020-11-09 11:26:20] app.INFO: Protect vendor folder in module ps_imageslider [] []
[2020-11-09 11:26:20] app.INFO: Module ps_imageslider has no vendor folder [] []
[2020-11-09 11:26:20] app.INFO: Protect vendor folder in module ps_languageselector [] []
[2020-11-09 11:26:20] app.INFO: Module ps_languageselector has no vendor folder [] []
[2020-11-09 11:26:20] app.INFO: Protect vendor folder in module ps_linklist [] []
[2020-11-09 11:26:20] app.INFO: Module ps_linklist has no vendor folder [] []
[2020-11-09 11:26:20] app.ERROR: Class "AdminLinkWidgetController" not found in controllers/admin [] []
[2020-11-09 11:26:21] app.INFO: Protect vendor folder in module ps_mainmenu [] []
[2020-11-09 11:26:21] app.INFO: Module ps_mainmenu has no vendor folder [] []
[2020-11-09 11:26:21] app.INFO: Protect vendor folder in module ps_searchbar [] []
[2020-11-09 11:26:21] app.INFO: Module ps_searchbar has no vendor folder [] []
[2020-11-09 11:26:21] app.INFO: Protect vendor folder in module ps_sharebuttons [] []
[2020-11-09 11:26:21] app.INFO: Module ps_sharebuttons has no vendor folder [] []
[2020-11-09 11:26:21] app.INFO: Protect vendor folder in module ps_shoppingcart [] []
[2020-11-09 11:26:21] app.INFO: Module ps_shoppingcart has no vendor folder [] []
[2020-11-09 11:26:21] app.INFO: Protect vendor folder in module ps_socialfollow [] []
[2020-11-09 11:26:21] app.INFO: Module ps_socialfollow has no vendor folder [] []
[2020-11-09 11:26:22] app.INFO: Protect vendor folder in module ps_themecusto [] []
[2020-11-09 11:26:22] app.INFO: Module ps_themecusto has no vendor folder [] []
[2020-11-09 11:26:22] app.INFO: Protect vendor folder in module ps_wirepayment [] []
[2020-11-09 11:26:22] app.INFO: Module ps_wirepayment has no vendor folder [] []
[2020-11-09 11:26:22] app.INFO: Protect vendor folder in module pagesnotfound [] []
[2020-11-09 11:26:22] app.INFO: Module pagesnotfound has no vendor folder [] []
[2020-11-09 11:26:22] app.INFO: Protect vendor folder in module sekeywords [] []
[2020-11-09 11:26:22] app.INFO: Module sekeywords has no vendor folder [] []
[2020-11-09 11:26:23] app.INFO: Protect vendor folder in module statsbestcategories [] []
[2020-11-09 11:26:23] app.INFO: Module statsbestcategories has no vendor folder [] []
[2020-11-09 11:26:23] app.INFO: Protect vendor folder in module statsbestcustomers [] []
[2020-11-09 11:26:23] app.INFO: Module statsbestcustomers has no vendor folder [] []
[2020-11-09 11:26:23] app.INFO: Protect vendor folder in module statsbestproducts [] []
[2020-11-09 11:26:23] app.INFO: Module statsbestproducts has no vendor folder [] []
[2020-11-09 11:26:23] app.INFO: Protect vendor folder in module statsbestsuppliers [] []
[2020-11-09 11:26:23] app.INFO: Module statsbestsuppliers has no vendor folder [] []
[2020-11-09 11:26:23] app.INFO: Protect vendor folder in module statsbestvouchers [] []
[2020-11-09 11:26:23] app.INFO: Module statsbestvouchers has no vendor folder [] []
[2020-11-09 11:26:23] app.INFO: Protect vendor folder in module statscarrier [] []
[2020-11-09 11:26:23] app.INFO: Module statscarrier has no vendor folder [] []
[2020-11-09 11:26:23] app.INFO: Protect vendor folder in module statscatalog [] []
[2020-11-09 11:26:23] app.INFO: Module statscatalog has no vendor folder [] []
[2020-11-09 11:26:23] app.INFO: Protect vendor folder in module statscheckup [] []
[2020-11-09 11:26:23] app.INFO: Module statscheckup has no vendor folder [] []
[2020-11-09 11:26:24] app.INFO: Protect vendor folder in module statsdata [] []
[2020-11-09 11:26:24] app.INFO: Module statsdata has no vendor folder [] []
[2020-11-09 11:26:24] app.INFO: Protect vendor folder in module statsequipment [] []
[2020-11-09 11:26:24] app.INFO: Module statsequipment has no vendor folder [] []
[2020-11-09 11:26:24] app.INFO: Protect vendor folder in module statsforecast [] []
[2020-11-09 11:26:24] app.INFO: Module statsforecast has no vendor folder [] []
[2020-11-09 11:26:24] app.INFO: Protect vendor folder in module statslive [] []
[2020-11-09 11:26:24] app.INFO: Module statslive has no vendor folder [] []
[2020-11-09 11:26:24] app.INFO: Protect vendor folder in module statsnewsletter [] []
[2020-11-09 11:26:24] app.INFO: Module statsnewsletter has no vendor folder [] []
[2020-11-09 11:26:25] app.INFO: Protect vendor folder in module statsorigin [] []
[2020-11-09 11:26:25] app.INFO: Module statsorigin has no vendor folder [] []
[2020-11-09 11:26:25] app.INFO: Protect vendor folder in module statspersonalinfos [] []
[2020-11-09 11:26:25] app.INFO: Module statspersonalinfos has no vendor folder [] []
[2020-11-09 11:26:25] app.INFO: Protect vendor folder in module statsproduct [] []
[2020-11-09 11:26:25] app.INFO: Module statsproduct has no vendor folder [] []
[2020-11-09 11:26:25] app.INFO: Protect vendor folder in module statsregistrations [] []
[2020-11-09 11:26:25] app.INFO: Module statsregistrations has no vendor folder [] []
[2020-11-09 11:26:25] app.INFO: Protect vendor folder in module statssales [] []
[2020-11-09 11:26:25] app.INFO: Module statssales has no vendor folder [] []
[2020-11-09 11:26:25] app.INFO: Protect vendor folder in module statssearch [] []
[2020-11-09 11:26:25] app.INFO: Module statssearch has no vendor folder [] []
[2020-11-09 11:26:25] app.INFO: Protect vendor folder in module statsstock [] []
[2020-11-09 11:26:25] app.INFO: Module statsstock has no vendor folder [] []
[2020-11-09 11:26:26] app.INFO: Protect vendor folder in module statsvisits [] []
[2020-11-09 11:26:26] app.INFO: Module statsvisits has no vendor folder [] []
[2020-11-09 11:26:26] app.INFO: Protect vendor folder in module welcome [] []
[2020-11-09 11:26:27] app.INFO: Exporting mail with theme modern for language English (English) [] []
[2020-11-09 11:26:27] app.INFO: Core output folder: /var/www/html/prestashop/mails [] []
[2020-11-09 11:26:27] app.INFO: Modules output folder: /var/www/html/prestashop/modules/ [] []
[2020-11-09 11:26:30] app.INFO: Exporting mail with theme modern for language Polski (Polish) [] []
[2020-11-09 11:26:30] app.INFO: Core output folder: /var/www/html/prestashop/mails [] []
[2020-11-09 11:26:30] app.INFO: Modules output folder: /var/www/html/prestashop/modules/ [] []
[2020-11-09 12:50:41] request.INFO: Matched route "admin_module_manage". {"route":"admin_module_manage","route_parameters":{"category":null,"keyword":null,"_controller":"PrestaShopBundle\\Controller\\Admin\\Improve\\ModuleController::manageAction","_legacy_controller":"AdminModulesManage","_legacy_link":["AdminModulesManage","AdminModulesSf"],"_route":"admin_module_manage"},"request_uri":"http://localhost/prestashop/admin504ckxrsd/index.php/improve/modules/manage?_token=tgIcTZDri3vQsIP8pDF6lhNvGQySoiwirI1sWPF-G5M","method":"GET"} []
[2020-11-09 12:50:41] security.DEBUG: Read existing security token from the session. {"key":"_security_main","token_class":"Symfony\\Component\\Security\\Core\\Authentication\\Token\\UsernamePasswordToken"} []
[2020-11-09 12:50:41] security.DEBUG: User was reloaded from a user provider. {"provider":"PrestaShopBundle\\Security\\Admin\\EmployeeProvider","username":"polibudamichal@gmail.com"} []
[2020-11-09 12:50:42] app.ERROR: Data from PrestaShop Addons is invalid, and cannot fallback on cache.  {"exception":"Client error response [url] https://api-addons.prestashop.com?format=json&iso_lang=en&iso_code=PL&version=1.7.6.8&shop_url=http%3A%2F%2Flocalhost&method=listing&action=customer&username=&password= [status code] 400 [reason phrase] Bad Request"} []
[2020-11-09 12:50:46] security.DEBUG: Stored the security token in the session. {"key":"_security_main"} []
[2020-11-09 12:50:54] request.INFO: Matched route "admin_module_notification_count". {"route":"admin_module_notification_count","route_parameters":{"_controller":"PrestaShopBundle\\Controller\\Admin\\Improve\\Modules\\AlertsController::notificationsCountAction","_legacy_controller":"AdminModulesNotifications","_legacy_link":"AdminModulesNotifications:count","_route":"admin_module_notification_count"},"request_uri":"http://localhost/prestashop/admin504ckxrsd/index.php/improve/modules/alerts/count?_token=tgIcTZDri3vQsIP8pDF6lhNvGQySoiwirI1sWPF-G5M","method":"GET"} []
[2020-11-09 12:50:54] security.DEBUG: Read existing security token from the session. {"key":"_security_main","token_class":"Symfony\\Component\\Security\\Core\\Authentication\\Token\\UsernamePasswordToken"} []
[2020-11-09 12:50:54] security.DEBUG: User was reloaded from a user provider. {"provider":"PrestaShopBundle\\Security\\Admin\\EmployeeProvider","username":"polibudamichal@gmail.com"} []
[2020-11-09 12:50:55] app.ERROR: Data from PrestaShop Addons is invalid, and cannot fallback on cache.  {"exception":"Client error response [url] https://api-addons.prestashop.com?format=json&iso_lang=en&iso_code=PL&version=1.7.6.8&shop_url=http%3A%2F%2Flocalhost&method=listing&action=customer&username=&password= [status code] 400 [reason phrase] Bad Request"} []
[2020-11-09 12:50:56] security.DEBUG: Stored the security token in the session. {"key":"_security_main"} []
[2020-11-09 12:51:55] request.INFO: Matched route "admin_module_notification_count". {"route":"admin_module_notification_count","route_parameters":{"_controller":"PrestaShopBundle\\Controller\\Admin\\Improve\\Modules\\AlertsController::notificationsCountAction","_legacy_controller":"AdminModulesNotifications","_legacy_link":"AdminModulesNotifications:count","_route":"admin_module_notification_count"},"request_uri":"http://localhost/prestashop/admin504ckxrsd/index.php/improve/modules/alerts/count?_token=tgIcTZDri3vQsIP8pDF6lhNvGQySoiwirI1sWPF-G5M","method":"GET"} []
[2020-11-09 12:51:56] security.DEBUG: Read existing security token from the session. {"key":"_security_main","token_class":"Symfony\\Component\\Security\\Core\\Authentication\\Token\\UsernamePasswordToken"} []
[2020-11-09 12:51:56] security.DEBUG: User was reloaded from a user provider. {"provider":"PrestaShopBundle\\Security\\Admin\\EmployeeProvider","username":"polibudamichal@gmail.com"} []
[2020-11-09 12:51:58] app.ERROR: Data from PrestaShop Addons is invalid, and cannot fallback on cache.  {"exception":"Client error response [url] https://api-addons.prestashop.com?format=json&iso_lang=en&iso_code=PL&version=1.7.6.8&shop_url=http%3A%2F%2Flocalhost&method=listing&action=customer&username=&password= [status code] 400 [reason phrase] Bad Request"} []
[2020-11-09 12:51:59] security.DEBUG: Stored the security token in the session. {"key":"_security_main"} []
[2020-11-09 12:51:56] request.INFO: Matched route "admin_module_catalog_refresh". {"route":"admin_module_catalog_refresh","route_parameters":{"category":null,"keyword":null,"_controller":"PrestaShopBundle\\Controller\\Admin\\Improve\\ModuleController::refreshCatalogAction","_legacy_controller":"AdminModulesCatalog","_legacy_link":"AdminModulesCatalog:refresh","_route":"admin_module_catalog_refresh"},"request_uri":"http://localhost/prestashop/admin504ckxrsd/index.php/improve/modules/catalog/refresh?_token=tgIcTZDri3vQsIP8pDF6lhNvGQySoiwirI1sWPF-G5M","method":"GET"} []
[2020-11-09 12:52:00] security.DEBUG: Read existing security token from the session. {"key":"_security_main","token_class":"Symfony\\Component\\Security\\Core\\Authentication\\Token\\UsernamePasswordToken"} []
[2020-11-09 12:52:00] security.DEBUG: User was reloaded from a user provider. {"provider":"PrestaShopBundle\\Security\\Admin\\EmployeeProvider","username":"polibudamichal@gmail.com"} []
[2020-11-09 12:52:03] app.ERROR: Data from PrestaShop Addons is invalid, and cannot fallback on cache.  {"exception":"Client error response [url] https://api-addons.prestashop.com?format=json&iso_lang=en&iso_code=PL&version=1.7.6.8&shop_url=http%3A%2F%2Flocalhost&method=listing&action=customer&username=&password= [status code] 400 [reason phrase] Bad Request"} []
[2020-11-09 12:52:04] security.DEBUG: Stored the security token in the session. {"key":"_security_main"} []
[2020-11-09 12:52:24] request.INFO: Matched route "admin_module_catalog_refresh". {"route":"admin_module_catalog_refresh","route_parameters":{"category":null,"keyword":null,"_controller":"PrestaShopBundle\\Controller\\Admin\\Improve\\ModuleController::refreshCatalogAction","_legacy_controller":"AdminModulesCatalog","_legacy_link":"AdminModulesCatalog:refresh","_route":"admin_module_catalog_refresh"},"request_uri":"http://localhost/prestashop/admin504ckxrsd/index.php/improve/modules/catalog/refresh?_token=tgIcTZDri3vQsIP8pDF6lhNvGQySoiwirI1sWPF-G5M","method":"GET"} []
[2020-11-09 12:52:24] security.DEBUG: Read existing security token from the session. {"key":"_security_main","token_class":"Symfony\\Component\\Security\\Core\\Authentication\\Token\\UsernamePasswordToken"} []
[2020-11-09 12:52:24] security.DEBUG: User was reloaded from a user provider. {"provider":"PrestaShopBundle\\Security\\Admin\\EmployeeProvider","username":"polibudamichal@gmail.com"} []
[2020-11-09 12:52:26] app.ERROR: Data from PrestaShop Addons is invalid, and cannot fallback on cache.  {"exception":"Client error response [url] https://api-addons.prestashop.com?format=json&iso_lang=en&iso_code=PL&version=1.7.6.8&shop_url=http%3A%2F%2Flocalhost&method=listing&action=customer&username=&password= [status code] 400 [reason phrase] Bad Request"} []
[2020-11-09 12:52:26] security.DEBUG: Stored the security token in the session. {"key":"_security_main"} []
[2020-11-09 12:52:24] request.INFO: Matched route "admin_module_notification_count". {"route":"admin_module_notification_count","route_parameters":{"_controller":"PrestaShopBundle\\Controller\\Admin\\Improve\\Modules\\AlertsController::notificationsCountAction","_legacy_controller":"AdminModulesNotifications","_legacy_link":"AdminModulesNotifications:count","_route":"admin_module_notification_count"},"request_uri":"http://localhost/prestashop/admin504ckxrsd/index.php/improve/modules/alerts/count?_token=tgIcTZDri3vQsIP8pDF6lhNvGQySoiwirI1sWPF-G5M","method":"GET"} []
[2020-11-09 12:52:27] security.DEBUG: Read existing security token from the session. {"key":"_security_main","token_class":"Symfony\\Component\\Security\\Core\\Authentication\\Token\\UsernamePasswordToken"} []
[2020-11-09 12:52:27] security.DEBUG: User was reloaded from a user provider. {"provider":"PrestaShopBundle\\Security\\Admin\\EmployeeProvider","username":"polibudamichal@gmail.com"} []
[2020-11-09 12:52:28] app.ERROR: Data from PrestaShop Addons is invalid, and cannot fallback on cache.  {"exception":"Client error response [url] https://api-addons.prestashop.com?format=json&iso_lang=en&iso_code=PL&version=1.7.6.8&shop_url=http%3A%2F%2Flocalhost&method=listing&action=customer&username=&password= [status code] 400 [reason phrase] Bad Request"} []
[2020-11-09 12:52:29] security.DEBUG: Stored the security token in the session. {"key":"_security_main"} []
[2020-11-09 13:00:24] request.INFO: Matched route "admin_link_block_list". {"route":"admin_link_block_list","route_parameters":{"_controller":"PrestaShop\\Module\\LinkList\\Controller\\Admin\\Improve\\Design\\LinkBlockController::listAction","_legacy_controller":"AdminLinkWidget","_legacy_link":"AdminLinkWidget","_route":"admin_link_block_list"},"request_uri":"http://localhost/prestashop/admin504ckxrsd/index.php/modules/link-widget/list?_token=tgIcTZDri3vQsIP8pDF6lhNvGQySoiwirI1sWPF-G5M","method":"GET"} []
[2020-11-09 13:00:24] security.DEBUG: Read existing security token from the session. {"key":"_security_main","token_class":"Symfony\\Component\\Security\\Core\\Authentication\\Token\\UsernamePasswordToken"} []
[2020-11-09 13:00:24] security.DEBUG: User was reloaded from a user provider. {"provider":"PrestaShopBundle\\Security\\Admin\\EmployeeProvider","username":"polibudamichal@gmail.com"} []
[2020-11-09 13:00:25] app.ERROR: Data from PrestaShop Addons is invalid, and cannot fallback on cache.  {"exception":"Client error response [url] https://api-addons.prestashop.com?format=json&iso_lang=en&iso_code=PL&version=1.7.6.8&shop_url=http%3A%2F%2Flocalhost&method=listing&action=customer&username=&password= [status code] 400 [reason phrase] Bad Request"} []
[2020-11-09 13:00:26] security.DEBUG: Stored the security token in the session. {"key":"_security_main"} []
[2020-11-09 13:00:33] request.INFO: Matched route "admin_link_block_edit". {"route":"admin_link_block_edit","route_parameters":{"_controller":"PrestaShop\\Module\\LinkList\\Controller\\Admin\\Improve\\Design\\LinkBlockController::editAction","_legacy_controller":"AdminLinkWidget","linkBlockId":"1","_route":"admin_link_block_edit"},"request_uri":"http://localhost/prestashop/admin504ckxrsd/index.php/modules/link-widget/edit/1?_token=tgIcTZDri3vQsIP8pDF6lhNvGQySoiwirI1sWPF-G5M","method":"GET"} []
[2020-11-09 13:00:33] security.DEBUG: Read existing security token from the session. {"key":"_security_main","token_class":"Symfony\\Component\\Security\\Core\\Authentication\\Token\\UsernamePasswordToken"} []
[2020-11-09 13:00:33] security.DEBUG: User was reloaded from a user provider. {"provider":"PrestaShopBundle\\Security\\Admin\\EmployeeProvider","username":"polibudamichal@gmail.com"} []
[2020-11-09 13:00:34] app.ERROR: Data from PrestaShop Addons is invalid, and cannot fallback on cache.  {"exception":"Client error response [url] https://api-addons.prestashop.com?format=json&iso_lang=en&iso_code=PL&version=1.7.6.8&shop_url=http%3A%2F%2Flocalhost&method=listing&action=customer&username=&password= [status code] 400 [reason phrase] Bad Request"} []
[2020-11-09 13:00:35] security.DEBUG: Stored the security token in the session. {"key":"_security_main"} []
[2020-11-09 13:01:19] request.INFO: Matched route "admin_link_block_list". {"route":"admin_link_block_list","route_parameters":{"_controller":"PrestaShop\\Module\\LinkList\\Controller\\Admin\\Improve\\Design\\LinkBlockController::listAction","_legacy_controller":"AdminLinkWidget","_legacy_link":"AdminLinkWidget","_route":"admin_link_block_list"},"request_uri":"http://localhost/prestashop/admin504ckxrsd/index.php/modules/link-widget/list?_token=tgIcTZDri3vQsIP8pDF6lhNvGQySoiwirI1sWPF-G5M","method":"GET"} []
[2020-11-09 13:01:19] security.DEBUG: Read existing security token from the session. {"key":"_security_main","token_class":"Symfony\\Component\\Security\\Core\\Authentication\\Token\\UsernamePasswordToken"} []
[2020-11-09 13:01:19] security.DEBUG: User was reloaded from a user provider. {"provider":"PrestaShopBundle\\Security\\Admin\\EmployeeProvider","username":"polibudamichal@gmail.com"} []
[2020-11-09 13:01:20] app.ERROR: Data from PrestaShop Addons is invalid, and cannot fallback on cache.  {"exception":"Client error response [url] https://api-addons.prestashop.com?format=json&iso_lang=en&iso_code=PL&version=1.7.6.8&shop_url=http%3A%2F%2Flocalhost&method=listing&action=customer&username=&password= [status code] 400 [reason phrase] Bad Request"} []
[2020-11-09 13:01:20] security.DEBUG: Stored the security token in the session. {"key":"_security_main"} []
[2020-11-09 13:02:12] request.INFO: Matched route "admin_link_block_edit". {"route":"admin_link_block_edit","route_parameters":{"_controller":"PrestaShop\\Module\\LinkList\\Controller\\Admin\\Improve\\Design\\LinkBlockController::editAction","_legacy_controller":"AdminLinkWidget","linkBlockId":"2","_route":"admin_link_block_edit"},"request_uri":"http://localhost/prestashop/admin504ckxrsd/index.php/modules/link-widget/edit/2?_token=tgIcTZDri3vQsIP8pDF6lhNvGQySoiwirI1sWPF-G5M","method":"GET"} []
[2020-11-09 13:02:12] security.DEBUG: Read existing security token from the session. {"key":"_security_main","token_class":"Symfony\\Component\\Security\\Core\\Authentication\\Token\\UsernamePasswordToken"} []
[2020-11-09 13:02:12] security.DEBUG: User was reloaded from a user provider. {"provider":"PrestaShopBundle\\Security\\Admin\\EmployeeProvider","username":"polibudamichal@gmail.com"} []
[2020-11-09 13:02:13] app.ERROR: Data from PrestaShop Addons is invalid, and cannot fallback on cache.  {"exception":"Client error response [url] https://api-addons.prestashop.com?format=json&iso_lang=en&iso_code=PL&version=1.7.6.8&shop_url=http%3A%2F%2Flocalhost&method=listing&action=customer&username=&password= [status code] 400 [reason phrase] Bad Request"} []
[2020-11-09 13:02:13] security.DEBUG: Stored the security token in the session. {"key":"_security_main"} []
[2020-11-09 13:02:39] request.INFO: Matched route "admin_link_block_edit_process". {"route":"admin_link_block_edit_process","route_parameters":{"_controller":"PrestaShop\\Module\\LinkList\\Controller\\Admin\\Improve\\Design\\LinkBlockController::editProcessAction","_legacy_controller":"AdminLinkWidget","linkBlockId":"2","_route":"admin_link_block_edit_process"},"request_uri":"http://localhost/prestashop/admin504ckxrsd/index.php/modules/link-widget/edit/2?_token=tgIcTZDri3vQsIP8pDF6lhNvGQySoiwirI1sWPF-G5M","method":"POST"} []
[2020-11-09 13:02:39] security.DEBUG: Read existing security token from the session. {"key":"_security_main","token_class":"Symfony\\Component\\Security\\Core\\Authentication\\Token\\UsernamePasswordToken"} []
[2020-11-09 13:02:39] security.DEBUG: User was reloaded from a user provider. {"provider":"PrestaShopBundle\\Security\\Admin\\EmployeeProvider","username":"polibudamichal@gmail.com"} []
[2020-11-09 13:02:40] app.ERROR: Data from PrestaShop Addons is invalid, and cannot fallback on cache.  {"exception":"Client error response [url] https://api-addons.prestashop.com?format=json&iso_lang=en&iso_code=PL&version=1.7.6.8&shop_url=http%3A%2F%2Flocalhost&method=listing&action=customer&username=&password= [status code] 400 [reason phrase] Bad Request"} []
[2020-11-09 13:02:40] security.DEBUG: Stored the security token in the session. {"key":"_security_main"} []
[2020-11-09 13:02:41] request.INFO: Matched route "admin_link_block_list". {"route":"admin_link_block_list","route_parameters":{"_controller":"PrestaShop\\Module\\LinkList\\Controller\\Admin\\Improve\\Design\\LinkBlockController::listAction","_legacy_controller":"AdminLinkWidget","_legacy_link":"AdminLinkWidget","_route":"admin_link_block_list"},"request_uri":"http://localhost/prestashop/admin504ckxrsd/index.php/modules/link-widget/list?_token=tgIcTZDri3vQsIP8pDF6lhNvGQySoiwirI1sWPF-G5M","method":"GET"} []
[2020-11-09 13:02:41] security.DEBUG: Read existing security token from the session. {"key":"_security_main","token_class":"Symfony\\Component\\Security\\Core\\Authentication\\Token\\UsernamePasswordToken"} []
[2020-11-09 13:02:41] security.DEBUG: User was reloaded from a user provider. {"provider":"PrestaShopBundle\\Security\\Admin\\EmployeeProvider","username":"polibudamichal@gmail.com"} []
[2020-11-09 13:02:42] app.ERROR: Data from PrestaShop Addons is invalid, and cannot fallback on cache.  {"exception":"Client error response [url] https://api-addons.prestashop.com?format=json&iso_lang=en&iso_code=PL&version=1.7.6.8&shop_url=http%3A%2F%2Flocalhost&method=listing&action=customer&username=&password= [status code] 400 [reason phrase] Bad Request"} []
[2020-11-09 13:02:43] security.DEBUG: Stored the security token in the session. {"key":"_security_main"} []
[2020-11-09 13:03:15] request.INFO: Matched route "admin_link_block_edit". {"route":"admin_link_block_edit","route_parameters":{"_controller":"PrestaShop\\Module\\LinkList\\Controller\\Admin\\Improve\\Design\\LinkBlockController::editAction","_legacy_controller":"AdminLinkWidget","linkBlockId":"2","_route":"admin_link_block_edit"},"request_uri":"http://localhost/prestashop/admin504ckxrsd/index.php/modules/link-widget/edit/2?_token=tgIcTZDri3vQsIP8pDF6lhNvGQySoiwirI1sWPF-G5M","method":"GET"} []
[2020-11-09 13:03:15] security.DEBUG: Read existing security token from the session. {"key":"_security_main","token_class":"Symfony\\Component\\Security\\Core\\Authentication\\Token\\UsernamePasswordToken"} []
[2020-11-09 13:03:15] security.DEBUG: User was reloaded from a user provider. {"provider":"PrestaShopBundle\\Security\\Admin\\EmployeeProvider","username":"polibudamichal@gmail.com"} []
[2020-11-09 13:03:15] app.ERROR: Data from PrestaShop Addons is invalid, and cannot fallback on cache.  {"exception":"Client error response [url] https://api-addons.prestashop.com?format=json&iso_lang=en&iso_code=PL&version=1.7.6.8&shop_url=http%3A%2F%2Flocalhost&method=listing&action=customer&username=&password= [status code] 400 [reason phrase] Bad Request"} []
[2020-11-09 13:03:16] security.DEBUG: Stored the security token in the session. {"key":"_security_main"} []
[2020-11-09 13:03:29] request.INFO: Matched route "admin_link_block_edit_process". {"route":"admin_link_block_edit_process","route_parameters":{"_controller":"PrestaShop\\Module\\LinkList\\Controller\\Admin\\Improve\\Design\\LinkBlockController::editProcessAction","_legacy_controller":"AdminLinkWidget","linkBlockId":"2","_route":"admin_link_block_edit_process"},"request_uri":"http://localhost/prestashop/admin504ckxrsd/index.php/modules/link-widget/edit/2?_token=tgIcTZDri3vQsIP8pDF6lhNvGQySoiwirI1sWPF-G5M","method":"POST"} []
[2020-11-09 13:03:29] security.DEBUG: Read existing security token from the session. {"key":"_security_main","token_class":"Symfony\\Component\\Security\\Core\\Authentication\\Token\\UsernamePasswordToken"} []
[2020-11-09 13:03:29] security.DEBUG: User was reloaded from a user provider. {"provider":"PrestaShopBundle\\Security\\Admin\\EmployeeProvider","username":"polibudamichal@gmail.com"} []
[2020-11-09 13:03:30] app.ERROR: Data from PrestaShop Addons is invalid, and cannot fallback on cache.  {"exception":"Client error response [url] https://api-addons.prestashop.com?format=json&iso_lang=en&iso_code=PL&version=1.7.6.8&shop_url=http%3A%2F%2Flocalhost&method=listing&action=customer&username=&password= [status code] 400 [reason phrase] Bad Request"} []
[2020-11-09 13:03:31] security.DEBUG: Stored the security token in the session. {"key":"_security_main"} []
[2020-11-09 13:03:32] request.INFO: Matched route "admin_link_block_list". {"route":"admin_link_block_list","route_parameters":{"_controller":"PrestaShop\\Module\\LinkList\\Controller\\Admin\\Improve\\Design\\LinkBlockController::listAction","_legacy_controller":"AdminLinkWidget","_legacy_link":"AdminLinkWidget","_route":"admin_link_block_list"},"request_uri":"http://localhost/prestashop/admin504ckxrsd/index.php/modules/link-widget/list?_token=tgIcTZDri3vQsIP8pDF6lhNvGQySoiwirI1sWPF-G5M","method":"GET"} []
[2020-11-09 13:03:32] security.DEBUG: Read existing security token from the session. {"key":"_security_main","token_class":"Symfony\\Component\\Security\\Core\\Authentication\\Token\\UsernamePasswordToken"} []
[2020-11-09 13:03:32] security.DEBUG: User was reloaded from a user provider. {"provider":"PrestaShopBundle\\Security\\Admin\\EmployeeProvider","username":"polibudamichal@gmail.com"} []
[2020-11-09 13:03:33] app.ERROR: Data from PrestaShop Addons is invalid, and cannot fallback on cache.  {"exception":"Client error response [url] https://api-addons.prestashop.com?format=json&iso_lang=en&iso_code=PL&version=1.7.6.8&shop_url=http%3A%2F%2Flocalhost&method=listing&action=customer&username=&password= [status code] 400 [reason phrase] Bad Request"} []
[2020-11-09 13:03:33] security.DEBUG: Stored the security token in the session. {"key":"_security_main"} []
[2020-11-09 13:04:13] request.INFO: Matched route "admin_link_block_edit". {"route":"admin_link_block_edit","route_parameters":{"_controller":"PrestaShop\\Module\\LinkList\\Controller\\Admin\\Improve\\Design\\LinkBlockController::editAction","_legacy_controller":"AdminLinkWidget","linkBlockId":"1","_route":"admin_link_block_edit"},"request_uri":"http://localhost/prestashop/admin504ckxrsd/index.php/modules/link-widget/edit/1?_token=tgIcTZDri3vQsIP8pDF6lhNvGQySoiwirI1sWPF-G5M","method":"GET"} []
[2020-11-09 13:04:13] security.DEBUG: Read existing security token from the session. {"key":"_security_main","token_class":"Symfony\\Component\\Security\\Core\\Authentication\\Token\\UsernamePasswordToken"} []
[2020-11-09 13:04:13] security.DEBUG: User was reloaded from a user provider. {"provider":"PrestaShopBundle\\Security\\Admin\\EmployeeProvider","username":"polibudamichal@gmail.com"} []
[2020-11-09 13:04:14] app.ERROR: Data from PrestaShop Addons is invalid, and cannot fallback on cache.  {"exception":"Client error response [url] https://api-addons.prestashop.com?format=json&iso_lang=en&iso_code=PL&version=1.7.6.8&shop_url=http%3A%2F%2Flocalhost&method=listing&action=customer&username=&password= [status code] 400 [reason phrase] Bad Request"} []
[2020-11-09 13:04:14] security.DEBUG: Stored the security token in the session. {"key":"_security_main"} []
[2020-11-09 13:04:27] request.INFO: Matched route "admin_link_block_edit_process". {"route":"admin_link_block_edit_process","route_parameters":{"_controller":"PrestaShop\\Module\\LinkList\\Controller\\Admin\\Improve\\Design\\LinkBlockController::editProcessAction","_legacy_controller":"AdminLinkWidget","linkBlockId":"1","_route":"admin_link_block_edit_process"},"request_uri":"http://localhost/prestashop/admin504ckxrsd/index.php/modules/link-widget/edit/1?_token=tgIcTZDri3vQsIP8pDF6lhNvGQySoiwirI1sWPF-G5M","method":"POST"} []
[2020-11-09 13:04:27] security.DEBUG: Read existing security token from the session. {"key":"_security_main","token_class":"Symfony\\Component\\Security\\Core\\Authentication\\Token\\UsernamePasswordToken"} []
[2020-11-09 13:04:27] security.DEBUG: User was reloaded from a user provider. {"provider":"PrestaShopBundle\\Security\\Admin\\EmployeeProvider","username":"polibudamichal@gmail.com"} []
[2020-11-09 13:04:27] app.ERROR: Data from PrestaShop Addons is invalid, and cannot fallback on cache.  {"exception":"Client error response [url] https://api-addons.prestashop.com?format=json&iso_lang=en&iso_code=PL&version=1.7.6.8&shop_url=http%3A%2F%2Flocalhost&method=listing&action=customer&username=&password= [status code] 400 [reason phrase] Bad Request"} []
[2020-11-09 13:04:28] security.DEBUG: Stored the security token in the session. {"key":"_security_main"} []
[2020-11-09 13:04:28] request.INFO: Matched route "admin_link_block_list". {"route":"admin_link_block_list","route_parameters":{"_controller":"PrestaShop\\Module\\LinkList\\Controller\\Admin\\Improve\\Design\\LinkBlockController::listAction","_legacy_controller":"AdminLinkWidget","_legacy_link":"AdminLinkWidget","_route":"admin_link_block_list"},"request_uri":"http://localhost/prestashop/admin504ckxrsd/index.php/modules/link-widget/list?_token=tgIcTZDri3vQsIP8pDF6lhNvGQySoiwirI1sWPF-G5M","method":"GET"} []
[2020-11-09 13:04:28] security.DEBUG: Read existing security token from the session. {"key":"_security_main","token_class":"Symfony\\Component\\Security\\Core\\Authentication\\Token\\UsernamePasswordToken"} []
[2020-11-09 13:04:28] security.DEBUG: User was reloaded from a user provider. {"provider":"PrestaShopBundle\\Security\\Admin\\EmployeeProvider","username":"polibudamichal@gmail.com"} []
[2020-11-09 13:04:29] app.ERROR: Data from PrestaShop Addons is invalid, and cannot fallback on cache.  {"exception":"Client error response [url] https://api-addons.prestashop.com?format=json&iso_lang=en&iso_code=PL&version=1.7.6.8&shop_url=http%3A%2F%2Flocalhost&method=listing&action=customer&username=&password= [status code] 400 [reason phrase] Bad Request"} []
[2020-11-09 13:04:29] security.DEBUG: Stored the security token in the session. {"key":"_security_main"} []
[2020-11-09 13:04:34] request.INFO: Matched route "admin_link_block_edit". {"route":"admin_link_block_edit","route_parameters":{"_controller":"PrestaShop\\Module\\LinkList\\Controller\\Admin\\Improve\\Design\\LinkBlockController::editAction","_legacy_controller":"AdminLinkWidget","linkBlockId":"2","_route":"admin_link_block_edit"},"request_uri":"http://localhost/prestashop/admin504ckxrsd/index.php/modules/link-widget/edit/2?_token=tgIcTZDri3vQsIP8pDF6lhNvGQySoiwirI1sWPF-G5M","method":"GET"} []
[2020-11-09 13:04:35] security.DEBUG: Read existing security token from the session. {"key":"_security_main","token_class":"Symfony\\Component\\Security\\Core\\Authentication\\Token\\UsernamePasswordToken"} []
[2020-11-09 13:04:35] security.DEBUG: User was reloaded from a user provider. {"provider":"PrestaShopBundle\\Security\\Admin\\EmployeeProvider","username":"polibudamichal@gmail.com"} []
[2020-11-09 13:04:35] app.ERROR: Data from PrestaShop Addons is invalid, and cannot fallback on cache.  {"exception":"Client error response [url] https://api-addons.prestashop.com?format=json&iso_lang=en&iso_code=PL&version=1.7.6.8&shop_url=http%3A%2F%2Flocalhost&method=listing&action=customer&username=&password= [status code] 400 [reason phrase] Bad Request"} []
[2020-11-09 13:04:36] security.DEBUG: Stored the security token in the session. {"key":"_security_main"} []
[2020-11-09 13:04:49] request.INFO: Matched route "admin_link_block_edit_process". {"route":"admin_link_block_edit_process","route_parameters":{"_controller":"PrestaShop\\Module\\LinkList\\Controller\\Admin\\Improve\\Design\\LinkBlockController::editProcessAction","_legacy_controller":"AdminLinkWidget","linkBlockId":"2","_route":"admin_link_block_edit_process"},"request_uri":"http://localhost/prestashop/admin504ckxrsd/index.php/modules/link-widget/edit/2?_token=tgIcTZDri3vQsIP8pDF6lhNvGQySoiwirI1sWPF-G5M","method":"POST"} []
[2020-11-09 13:04:49] security.DEBUG: Read existing security token from the session. {"key":"_security_main","token_class":"Symfony\\Component\\Security\\Core\\Authentication\\Token\\UsernamePasswordToken"} []
[2020-11-09 13:04:49] security.DEBUG: User was reloaded from a user provider. {"provider":"PrestaShopBundle\\Security\\Admin\\EmployeeProvider","username":"polibudamichal@gmail.com"} []
[2020-11-09 13:04:51] app.ERROR: Data from PrestaShop Addons is invalid, and cannot fallback on cache.  {"exception":"Client error response [url] https://api-addons.prestashop.com?format=json&iso_lang=en&iso_code=PL&version=1.7.6.8&shop_url=http%3A%2F%2Flocalhost&method=listing&action=customer&username=&password= [status code] 400 [reason phrase] Bad Request"} []
[2020-11-09 13:04:51] security.DEBUG: Stored the security token in the session. {"key":"_security_main"} []
[2020-11-09 13:04:53] request.INFO: Matched route "admin_link_block_list". {"route":"admin_link_block_list","route_parameters":{"_controller":"PrestaShop\\Module\\LinkList\\Controller\\Admin\\Improve\\Design\\LinkBlockController::listAction","_legacy_controller":"AdminLinkWidget","_legacy_link":"AdminLinkWidget","_route":"admin_link_block_list"},"request_uri":"http://localhost/prestashop/admin504ckxrsd/index.php/modules/link-widget/list?_token=tgIcTZDri3vQsIP8pDF6lhNvGQySoiwirI1sWPF-G5M","method":"GET"} []
[2020-11-09 13:04:53] security.DEBUG: Read existing security token from the session. {"key":"_security_main","token_class":"Symfony\\Component\\Security\\Core\\Authentication\\Token\\UsernamePasswordToken"} []
[2020-11-09 13:04:53] security.DEBUG: User was reloaded from a user provider. {"provider":"PrestaShopBundle\\Security\\Admin\\EmployeeProvider","username":"polibudamichal@gmail.com"} []
[2020-11-09 13:04:54] app.ERROR: Data from PrestaShop Addons is invalid, and cannot fallback on cache.  {"exception":"Client error response [url] https://api-addons.prestashop.com?format=json&iso_lang=en&iso_code=PL&version=1.7.6.8&shop_url=http%3A%2F%2Flocalhost&method=listing&action=customer&username=&password= [status code] 400 [reason phrase] Bad Request"} []
[2020-11-09 13:04:56] security.DEBUG: Stored the security token in the session. {"key":"_security_main"} []
[2020-11-09 13:13:51] request.INFO: Matched route "api_translation_value_reset". {"route":"api_translation_value_reset","route_parameters":{"_controller":"prestashop.core.api.translation.controller:translationResetAction","_legacy_controller":"AdminTranslations","_route":"api_translation_value_reset"},"request_uri":"http://localhost/prestashop/admin504ckxrsd/index.php/api/translations/reset?_token=L6BRMbx_TUmyaUKFCpDPipbIbZbkx0nAxk5H-IyxG-M","method":"POST"} []
[2020-11-09 13:13:51] security.DEBUG: Read existing security token from the session. {"key":"_security_main","token_class":"Symfony\\Component\\Security\\Core\\Authentication\\Token\\UsernamePasswordToken"} []
[2020-11-09 13:13:51] security.DEBUG: User was reloaded from a user provider. {"provider":"PrestaShopBundle\\Security\\Admin\\EmployeeProvider","username":"polibudamichal@gmail.com"} []
[2020-11-09 13:13:51] app.ERROR: EntityManager#remove() expects parameter 1 to be an entity object, NULL given. [] []
[2020-11-09 13:13:52] cache.WARNING: Failed to clear the cache {"exception":"[object] (UnexpectedValueException(code: 0): RecursiveDirectoryIterator::__construct(/var/www/html/prestashop/var/cache/prod/pools/G-oa8hrI-D/): failed to open dir: No such file or directory at /var/www/html/prestashop/vendor/symfony/symfony/src/Symfony/Component/Cache/Traits/FilesystemCommonTrait.php:58)"} []
[2020-11-09 13:13:52] cache.WARNING: Failed to clear the cache {"exception":"[object] (UnexpectedValueException(code: 0): RecursiveDirectoryIterator::__construct(/var/www/html/prestashop/var/cache/prod/pools/Sza1mveLJl/): failed to open dir: No such file or directory at /var/www/html/prestashop/vendor/symfony/symfony/src/Symfony/Component/Cache/Traits/FilesystemCommonTrait.php:58)"} []
[2020-11-09 13:13:52] cache.WARNING: Failed to clear the cache {"exception":"[object] (UnexpectedValueException(code: 0): RecursiveDirectoryIterator::__construct(/var/www/html/prestashop/var/cache/prod/pools/MmFyWV7KV5/): failed to open dir: No such file or directory at /var/www/html/prestashop/vendor/symfony/symfony/src/Symfony/Component/Cache/Traits/FilesystemCommonTrait.php:58)"} []
[2020-11-09 13:13:52] cache.WARNING: Failed to clear the cache {"exception":"[object] (UnexpectedValueException(code: 0): RecursiveDirectoryIterator::__construct(/var/www/html/prestashop/var/cache/prod/pools/6q8LxLLhKg/): failed to open dir: No such file or directory at /var/www/html/prestashop/vendor/symfony/symfony/src/Symfony/Component/Cache/Traits/FilesystemCommonTrait.php:58)"} []
[2020-11-09 13:13:52] security.DEBUG: Stored the security token in the session. {"key":"_security_main"} []
[2020-11-09 14:06:52] request.INFO: Matched route "admin_module_manage". {"route":"admin_module_manage","route_parameters":{"category":null,"keyword":null,"_controller":"PrestaShopBundle\\Controller\\Admin\\Improve\\ModuleController::manageAction","_legacy_controller":"AdminModulesManage","_legacy_link":["AdminModulesManage","AdminModulesSf"],"_route":"admin_module_manage"},"request_uri":"http://localhost/prestashop/admin504ckxrsd/index.php/improve/modules/manage?_token=VM3iu5KCiSzii5aT6L9YnqJOj0Nv_Aeg3ahAPkidcX4","method":"GET"} []
[2020-11-09 14:06:52] security.DEBUG: Read existing security token from the session. {"key":"_security_main","token_class":"Symfony\\Component\\Security\\Core\\Authentication\\Token\\UsernamePasswordToken"} []
[2020-11-09 14:06:52] security.DEBUG: User was reloaded from a user provider. {"provider":"PrestaShopBundle\\Security\\Admin\\EmployeeProvider","username":"polibudamichal@gmail.com"} []
[2020-11-09 14:06:57] app.ERROR: Data from PrestaShop Addons is invalid, and cannot fallback on cache.  {"exception":"cURL error 28: Operation timed out after 5005 milliseconds with 75349 out of -1 bytes received"} []
[2020-11-09 14:07:02] security.DEBUG: Stored the security token in the session. {"key":"_security_main"} []
[2020-11-09 14:07:12] request.INFO: Matched route "admin_module_notification_count". {"route":"admin_module_notification_count","route_parameters":{"_controller":"PrestaShopBundle\\Controller\\Admin\\Improve\\Modules\\AlertsController::notificationsCountAction","_legacy_controller":"AdminModulesNotifications","_legacy_link":"AdminModulesNotifications:count","_route":"admin_module_notification_count"},"request_uri":"http://localhost/prestashop/admin504ckxrsd/index.php/improve/modules/alerts/count?_token=VM3iu5KCiSzii5aT6L9YnqJOj0Nv_Aeg3ahAPkidcX4","method":"GET"} []
[2020-11-09 14:07:14] security.DEBUG: Read existing security token from the session. {"key":"_security_main","token_class":"Symfony\\Component\\Security\\Core\\Authentication\\Token\\UsernamePasswordToken"} []
[2020-11-09 14:07:14] security.DEBUG: User was reloaded from a user provider. {"provider":"PrestaShopBundle\\Security\\Admin\\EmployeeProvider","username":"polibudamichal@gmail.com"} []
[2020-11-09 14:07:19] app.ERROR: Data from PrestaShop Addons is invalid, and cannot fallback on cache.  {"exception":"cURL error 28: Operation timed out after 5020 milliseconds with 325788 out of -1 bytes received"} []
[2020-11-09 14:07:21] security.DEBUG: Stored the security token in the session. {"key":"_security_main"} []
[2020-11-09 14:09:51] request.INFO: Matched route "admin_module_configure_action". {"route":"admin_module_configure_action","route_parameters":{"_controller":"PrestaShopBundle\\Controller\\Admin\\Improve\\ModuleController::configureModuleAction","_legacy_controller":"AdminModules","module_name":"ps_wirepayment","_route":"admin_module_configure_action"},"request_uri":"http://localhost/prestashop/admin504ckxrsd/index.php/improve/modules/manage/action/configure/ps_wirepayment?_token=VM3iu5KCiSzii5aT6L9YnqJOj0Nv_Aeg3ahAPkidcX4","method":"GET"} []
[2020-11-09 14:09:51] security.DEBUG: Read existing security token from the session. {"key":"_security_main","token_class":"Symfony\\Component\\Security\\Core\\Authentication\\Token\\UsernamePasswordToken"} []
[2020-11-09 14:09:51] security.DEBUG: User was reloaded from a user provider. {"provider":"PrestaShopBundle\\Security\\Admin\\EmployeeProvider","username":"polibudamichal@gmail.com"} []
[2020-11-09 14:09:57] app.ERROR: Data from PrestaShop Addons is invalid, and cannot fallback on cache.  {"exception":"cURL error 28: Operation timed out after 5000 milliseconds with 534092 out of -1 bytes received"} []
[2020-11-09 14:09:58] security.DEBUG: Stored the security token in the session. {"key":"_security_main"} []
[2020-11-09 14:13:37] request.INFO: Matched route "admin_module_manage_action". {"route":"admin_module_manage_action","route_parameters":{"_controller":"PrestaShopBundle\\Controller\\Admin\\Improve\\ModuleController::moduleAction","action":"upgrade","module_name":"ps_customersignin","_route":"admin_module_manage_action"},"request_uri":"http://localhost/prestashop/admin504ckxrsd/index.php/improve/modules/manage/action/upgrade/ps_customersignin?_token=VM3iu5KCiSzii5aT6L9YnqJOj0Nv_Aeg3ahAPkidcX4","method":"POST"} []
[2020-11-09 14:13:37] security.DEBUG: Read existing security token from the session. {"key":"_security_main","token_class":"Symfony\\Component\\Security\\Core\\Authentication\\Token\\UsernamePasswordToken"} []
[2020-11-09 14:13:37] security.DEBUG: User was reloaded from a user provider. {"provider":"PrestaShopBundle\\Security\\Admin\\EmployeeProvider","username":"polibudamichal@gmail.com"} []
[2020-11-09 14:13:42] app.ERROR: Data from PrestaShop Addons is invalid, and cannot fallback on cache.  {"exception":"cURL error 28: Operation timed out after 5001 milliseconds with 719088 out of -1 bytes received"} []
[2020-11-09 14:13:49] app.INFO: Protect vendor folder in module ps_customersignin [] []
[2020-11-09 14:13:49] app.INFO: Module ps_customersignin has no vendor folder [] []
[2020-11-09 14:13:49] security.DEBUG: Stored the security token in the session. {"key":"_security_main"} []
[2020-11-09 14:14:57] request.INFO: Matched route "admin_module_manage_action". {"route":"admin_module_manage_action","route_parameters":{"_controller":"PrestaShopBundle\\Controller\\Admin\\Improve\\ModuleController::moduleAction","action":"upgrade","module_name":"ps_checkpayment","_route":"admin_module_manage_action"},"request_uri":"http://localhost/prestashop/admin504ckxrsd/index.php/improve/modules/manage/action/upgrade/ps_checkpayment?_token=VM3iu5KCiSzii5aT6L9YnqJOj0Nv_Aeg3ahAPkidcX4","method":"POST"} []
[2020-11-09 14:14:57] security.DEBUG: Read existing security token from the session. {"key":"_security_main","token_class":"Symfony\\Component\\Security\\Core\\Authentication\\Token\\UsernamePasswordToken"} []
[2020-11-09 14:14:57] security.DEBUG: User was reloaded from a user provider. {"provider":"PrestaShopBundle\\Security\\Admin\\EmployeeProvider","username":"polibudamichal@gmail.com"} []
[2020-11-09 14:15:02] app.ERROR: Data from PrestaShop Addons is invalid, and cannot fallback on cache.  {"exception":"cURL error 28: Operation timed out after 5001 milliseconds with 423212 out of -1 bytes received"} []
[2020-11-09 14:15:11] app.INFO: Protect vendor folder in module ps_checkpayment [] []
[2020-11-09 14:15:11] app.INFO: Module ps_checkpayment has no vendor folder [] []
[2020-11-09 14:15:11] security.DEBUG: Stored the security token in the session. {"key":"_security_main"} []
[2020-11-09 14:16:04] request.INFO: Matched route "admin_module_notification_count". {"route":"admin_module_notification_count","route_parameters":{"_controller":"PrestaShopBundle\\Controller\\Admin\\Improve\\Modules\\AlertsController::notificationsCountAction","_legacy_controller":"AdminModulesNotifications","_legacy_link":"AdminModulesNotifications:count","_route":"admin_module_notification_count"},"request_uri":"http://localhost/prestashop/admin504ckxrsd/index.php/improve/modules/alerts/count?_token=VM3iu5KCiSzii5aT6L9YnqJOj0Nv_Aeg3ahAPkidcX4","method":"GET"} []
[2020-11-09 14:16:04] security.DEBUG: Read existing security token from the session. {"key":"_security_main","token_class":"Symfony\\Component\\Security\\Core\\Authentication\\Token\\UsernamePasswordToken"} []
[2020-11-09 14:16:04] security.DEBUG: User was reloaded from a user provider. {"provider":"PrestaShopBundle\\Security\\Admin\\EmployeeProvider","username":"polibudamichal@gmail.com"} []
[2020-11-09 14:16:11] app.ERROR: Data from PrestaShop Addons is invalid, and cannot fallback on cache.  {"exception":"cURL error 28: Operation timed out after 5006 milliseconds with 484931 out of -1 bytes received"} []
[2020-11-09 14:16:22] security.DEBUG: Stored the security token in the session. {"key":"_security_main"} []
[2020-11-09 14:17:22] request.INFO: Matched route "admin_module_notification_count". {"route":"admin_module_notification_count","route_parameters":{"_controller":"PrestaShopBundle\\Controller\\Admin\\Improve\\Modules\\AlertsController::notificationsCountAction","_legacy_controller":"AdminModulesNotifications","_legacy_link":"AdminModulesNotifications:count","_route":"admin_module_notification_count"},"request_uri":"http://localhost/prestashop/admin504ckxrsd/index.php/improve/modules/alerts/count?_token=VM3iu5KCiSzii5aT6L9YnqJOj0Nv_Aeg3ahAPkidcX4","method":"GET"} []
[2020-11-09 14:17:23] security.DEBUG: Read existing security token from the session. {"key":"_security_main","token_class":"Symfony\\Component\\Security\\Core\\Authentication\\Token\\UsernamePasswordToken"} []
[2020-11-09 14:17:23] security.DEBUG: User was reloaded from a user provider. {"provider":"PrestaShopBundle\\Security\\Admin\\EmployeeProvider","username":"polibudamichal@gmail.com"} []
[2020-11-09 14:17:26] app.ERROR: Data from PrestaShop Addons is invalid, and cannot fallback on cache.  {"exception":"Client error response [url] https://api-addons.prestashop.com?format=json&iso_lang=pl&iso_code=PL&version=1.7.6.8&shop_url=http%3A%2F%2Flocalhost&method=listing&action=customer&username=&password= [status code] 400 [reason phrase] Bad Request"} []
[2020-11-09 14:17:28] security.DEBUG: Stored the security token in the session. {"key":"_security_main"} []
[2020-11-09 14:17:22] request.INFO: Matched route "admin_module_catalog_refresh". {"route":"admin_module_catalog_refresh","route_parameters":{"category":null,"keyword":null,"_controller":"PrestaShopBundle\\Controller\\Admin\\Improve\\ModuleController::refreshCatalogAction","_legacy_controller":"AdminModulesCatalog","_legacy_link":"AdminModulesCatalog:refresh","_route":"admin_module_catalog_refresh"},"request_uri":"http://localhost/prestashop/admin504ckxrsd/index.php/improve/modules/catalog/refresh?_token=VM3iu5KCiSzii5aT6L9YnqJOj0Nv_Aeg3ahAPkidcX4","method":"GET"} []
[2020-11-09 14:17:29] security.DEBUG: Read existing security token from the session. {"key":"_security_main","token_class":"Symfony\\Component\\Security\\Core\\Authentication\\Token\\UsernamePasswordToken"} []
[2020-11-09 14:17:29] security.DEBUG: User was reloaded from a user provider. {"provider":"PrestaShopBundle\\Security\\Admin\\EmployeeProvider","username":"polibudamichal@gmail.com"} []
[2020-11-09 14:17:30] app.ERROR: Data from PrestaShop Addons is invalid, and cannot fallback on cache.  {"exception":"Client error response [url] https://api-addons.prestashop.com?format=json&iso_lang=pl&iso_code=PL&version=1.7.6.8&shop_url=http%3A%2F%2Flocalhost&method=listing&action=customer&username=&password= [status code] 400 [reason phrase] Bad Request"} []
[2020-11-09 14:17:31] security.DEBUG: Stored the security token in the session. {"key":"_security_main"} []
[2020-11-09 14:20:33] request.INFO: Matched route "admin_module_manage". {"route":"admin_module_manage","route_parameters":{"category":null,"keyword":null,"_controller":"PrestaShopBundle\\Controller\\Admin\\Improve\\ModuleController::manageAction","_legacy_controller":"AdminModulesManage","_legacy_link":["AdminModulesManage","AdminModulesSf"],"_route":"admin_module_manage"},"request_uri":"http://localhost/prestashop/admin504ckxrsd/index.php/improve/modules/manage?_token=VM3iu5KCiSzii5aT6L9YnqJOj0Nv_Aeg3ahAPkidcX4","method":"GET"} []
[2020-11-09 14:20:33] security.DEBUG: Read existing security token from the session. {"key":"_security_main","token_class":"Symfony\\Component\\Security\\Core\\Authentication\\Token\\UsernamePasswordToken"} []
[2020-11-09 14:20:33] security.DEBUG: User was reloaded from a user provider. {"provider":"PrestaShopBundle\\Security\\Admin\\EmployeeProvider","username":"polibudamichal@gmail.com"} []
[2020-11-09 14:20:35] app.ERROR: Data from PrestaShop Addons is invalid, and cannot fallback on cache.  {"exception":"Client error response [url] https://api-addons.prestashop.com?format=json&iso_lang=pl&iso_code=PL&version=1.7.6.8&shop_url=http%3A%2F%2Flocalhost&method=listing&action=customer&username=&password= [status code] 400 [reason phrase] Bad Request"} []
[2020-11-09 14:20:38] security.DEBUG: Stored the security token in the session. {"key":"_security_main"} []
[2020-11-09 14:20:49] request.INFO: Matched route "admin_module_notification_count". {"route":"admin_module_notification_count","route_parameters":{"_controller":"PrestaShopBundle\\Controller\\Admin\\Improve\\Modules\\AlertsController::notificationsCountAction","_legacy_controller":"AdminModulesNotifications","_legacy_link":"AdminModulesNotifications:count","_route":"admin_module_notification_count"},"request_uri":"http://localhost/prestashop/admin504ckxrsd/index.php/improve/modules/alerts/count?_token=VM3iu5KCiSzii5aT6L9YnqJOj0Nv_Aeg3ahAPkidcX4","method":"GET"} []
[2020-11-09 14:20:49] security.DEBUG: Read existing security token from the session. {"key":"_security_main","token_class":"Symfony\\Component\\Security\\Core\\Authentication\\Token\\UsernamePasswordToken"} []
[2020-11-09 14:20:49] security.DEBUG: User was reloaded from a user provider. {"provider":"PrestaShopBundle\\Security\\Admin\\EmployeeProvider","username":"polibudamichal@gmail.com"} []
[2020-11-09 14:20:50] app.ERROR: Data from PrestaShop Addons is invalid, and cannot fallback on cache.  {"exception":"Client error response [url] https://api-addons.prestashop.com?format=json&iso_lang=pl&iso_code=PL&version=1.7.6.8&shop_url=http%3A%2F%2Flocalhost&method=listing&action=customer&username=&password= [status code] 400 [reason phrase] Bad Request"} []
[2020-11-09 14:20:51] security.DEBUG: Stored the security token in the session. {"key":"_security_main"} []
[2020-11-09 16:00:34] request.INFO: Matched route "admin_payment_methods". {"route":"admin_payment_methods","route_parameters":{"_controller":"PrestaShopBundle\\Controller\\Admin\\Improve\\Payment\\PaymentMethodsController::indexAction","_legacy_controller":"AdminPayment","_legacy_link":"AdminPayment","_route":"admin_payment_methods"},"request_uri":"http://localhost/prestashop/admin504ckxrsd/index.php/improve/payment/payment_methods?_token=VM3iu5KCiSzii5aT6L9YnqJOj0Nv_Aeg3ahAPkidcX4","method":"GET"} []
[2020-11-09 16:00:34] security.DEBUG: Read existing security token from the session. {"key":"_security_main","token_class":"Symfony\\Component\\Security\\Core\\Authentication\\Token\\UsernamePasswordToken"} []
[2020-11-09 16:00:34] security.DEBUG: User was reloaded from a user provider. {"provider":"PrestaShopBundle\\Security\\Admin\\EmployeeProvider","username":"polibudamichal@gmail.com"} []
[2020-11-09 16:00:41] app.ERROR: Data from PrestaShop Addons is invalid, and cannot fallback on cache.  {"exception":"cURL error 28: Operation timed out after 5000 milliseconds with 648771 bytes received"} []
[2020-11-09 16:00:48] security.DEBUG: Stored the security token in the session. {"key":"_security_main"} []
[2020-11-09 16:10:04] request.INFO: Matched route "admin_product_unit_action". {"route":"admin_product_unit_action","route_parameters":{"_controller":"PrestaShopBundle\\Controller\\Admin\\ProductController::unitAction","action":"delete","id":"17","_route":"admin_product_unit_action"},"request_uri":"http://localhost/prestashop/admin504ckxrsd/index.php/sell/catalog/products/unit/delete/17?_token=VM3iu5KCiSzii5aT6L9YnqJOj0Nv_Aeg3ahAPkidcX4","method":"POST"} []
[2020-11-09 16:10:05] security.DEBUG: Read existing security token from the session. {"key":"_security_main","token_class":"Symfony\\Component\\Security\\Core\\Authentication\\Token\\UsernamePasswordToken"} []
[2020-11-09 16:10:05] security.DEBUG: User was reloaded from a user provider. {"provider":"PrestaShopBundle\\Security\\Admin\\EmployeeProvider","username":"polibudamichal@gmail.com"} []
[2020-11-09 16:10:05] request.CRITICAL: Uncaught PHP Exception Exception: "AdminProductDataUpdater->deleteProduct() received an unknown ID." at /var/www/html/prestashop/src/Adapter/Product/AdminProductDataUpdater.php line 149 {"exception":"[object] (Exception(code: 5005): AdminProductDataUpdater->deleteProduct() received an unknown ID. at /var/www/html/prestashop/src/Adapter/Product/AdminProductDataUpdater.php:149)"} []
[2020-11-09 16:10:05] security.DEBUG: Stored the security token in the session. {"key":"_security_main"} []
